[debug] [2018-04-08T21:58:56.793Z] ----------------------------------------------------------------------
[debug] [2018-04-08T21:58:56.796Z] Command:       C:\Program Files (x86)\nodejs\node.exe C:\Users\Asus\AppData\Roaming\npm\node_modules\firebase-tools\bin\firebase serve
[debug] [2018-04-08T21:58:56.796Z] CLI Version:   3.17.7
[debug] [2018-04-08T21:58:56.796Z] Platform:      win32
[debug] [2018-04-08T21:58:56.796Z] Node Version:  v8.9.4
[debug] [2018-04-08T21:58:56.797Z] Time:          Mon Apr 09 2018 05:58:56 GMT+0800 (Malay Peninsula Standard Time)
[debug] [2018-04-08T21:58:56.797Z] ----------------------------------------------------------------------
[debug] 
[debug] [2018-04-08T21:58:56.831Z] > command requires scopes: ["email","openid","https://www.googleapis.com/auth/cloudplatformprojects.readonly","https://www.googleapis.com/auth/firebase","https://www.googleapis.com/auth/cloud-platform"]
[debug] [2018-04-08T21:58:56.832Z] > authorizing via signed-in user
[debug] [2018-04-08T21:58:56.833Z] > refreshing access token with scopes: ["email","https://www.googleapis.com/auth/cloud-platform","https://www.googleapis.com/auth/cloudplatformprojects.readonly","https://www.googleapis.com/auth/firebase","openid"]
[debug] [2018-04-08T21:58:56.834Z] >>> HTTP REQUEST POST https://www.googleapis.com/oauth2/v3/token  
 { refresh_token: '1/XKYGbkpvTmpPYPaFlDsBMqnCJy4MN6opByyVvEDkUi4x_iHu7sF4Tlby9lQ8P3fO',
  client_id: '563584335869-fgrhgmd47bqnekij5i8b5pr03ho849e6.apps.googleusercontent.com',
  client_secret: 'j9iVZfS8kkCEFUPaAeJV0sAi',
  grant_type: 'refresh_token',
  scope: 'email https://www.googleapis.com/auth/cloud-platform https://www.googleapis.com/auth/cloudplatformprojects.readonly https://www.googleapis.com/auth/firebase openid' } 
 Mon Apr 09 2018 05:58:56 GMT+0800 (Malay Peninsula Standard Time)
[debug] [2018-04-08T21:58:57.247Z] <<< HTTP RESPONSE 200
[debug] [2018-04-08T21:58:57.256Z] >>> HTTP REQUEST GET https://admin.firebase.com/v1/projects/disciple-32679  
  
 Mon Apr 09 2018 05:58:57 GMT+0800 (Malay Peninsula Standard Time)
[debug] [2018-04-08T21:58:58.581Z] <<< HTTP RESPONSE 200
[debug] [2018-04-08T21:58:58.581Z] >>> HTTP REQUEST GET https://admin.firebase.com/v1/database/disciple-32679/tokens  
  
 Mon Apr 09 2018 05:58:58 GMT+0800 (Malay Peninsula Standard Time)
[debug] [2018-04-08T21:58:59.478Z] <<< HTTP RESPONSE 200
[debug] [2018-04-08T21:58:59.478Z] >>> HTTP REQUEST GET https://cloudresourcemanager.googleapis.com/v1/projects/disciple-32679  
  
 Mon Apr 09 2018 05:58:59 GMT+0800 (Malay Peninsula Standard Time)
[debug] [2018-04-08T21:59:00.961Z] <<< HTTP RESPONSE 200
[info] 
[info] === Serving from 'D:\REPO\disciply\disciply'...
[info] 
[debug] [2018-04-08T21:59:00.966Z] >>> HTTP REQUEST GET https://mobilesdk-pa.googleapis.com/v1/projects/986429990725/clients/_:getWebAppConfig  
  
 Mon Apr 09 2018 05:59:00 GMT+0800 (Malay Peninsula Standard Time)
[debug] [2018-04-08T21:59:02.679Z] <<< HTTP RESPONSE 200
[info] i  hosting: Serving hosting files from: public
[info] +  hosting: Local server: http://localhost:5000

[info] Shutting down...
